Copyright 1986-2018 Xilinx, Inc. All Rights Reserved.
----------------------------------------------------------------------------------------
| Tool Version : Vivado v.2018.2 (win64) Build 2258646 Thu Jun 14 20:03:12 MDT 2018
| Date         : Sun Nov  9 02:16:28 2025
| Host         : LAPTOP-Q67A39EE running 64-bit major release  (build 9200)
| Command      : report_control_sets -verbose -file Top_Student_control_sets_placed.rpt
| Design       : Top_Student
| Device       : xc7a35t
----------------------------------------------------------------------------------------

Control Set Information

Table of Contents
-----------------
1. Summary
2. Histogram
3. Flip-Flop Distribution
4. Detailed Control Set Information

1. Summary
----------

+----------------------------------------------------------+-------+
|                          Status                          | Count |
+----------------------------------------------------------+-------+
| Number of unique control sets                            |   133 |
| Unused register locations in slices containing registers |   238 |
+----------------------------------------------------------+-------+


2. Histogram
------------

+--------+--------------+
| Fanout | Control Sets |
+--------+--------------+
|      4 |            2 |
|      8 |           49 |
|     10 |            7 |
|     12 |            8 |
|     14 |            2 |
|    16+ |           65 |
+--------+--------------+


3. Flip-Flop Distribution
-------------------------

+--------------+-----------------------+------------------------+-----------------+--------------+
| Clock Enable | Synchronous Set/Reset | Asynchronous Set/Reset | Total Registers | Total Slices |
+--------------+-----------------------+------------------------+-----------------+--------------+
| No           | No                    | No                     |              88 |           24 |
| No           | No                    | Yes                    |            1696 |          405 |
| No           | Yes                   | No                     |             620 |           94 |
| Yes          | No                    | No                     |             522 |           90 |
| Yes          | No                    | Yes                    |            3906 |          805 |
| Yes          | Yes                   | No                     |             370 |           69 |
+--------------+-----------------------+------------------------+-----------------+--------------+


4. Detailed Control Set Information
-----------------------------------

+-------------------------+--------------------------------------------------------+--------------------------------------------------------+------------------+----------------+
|       Clock Signal      |                      Enable Signal                     |                    Set/Reset Signal                    | Slice Load Count | Bel Load Count |
+-------------------------+--------------------------------------------------------+--------------------------------------------------------+------------------+----------------+
| ~clk_6p25Mhz_BUFG       |                                                        |                                                        |                2 |              4 |
|  divSlow/desired_CLOCK  |                                                        | btnC_IBUF                                              |                2 |              4 |
|  div1k/Y_SCALE_reg[4]   |                                                        | u_scale/rst07_out                                      |                3 |              8 |
|  basys_clock_IBUF_BUFG  | u_seq_radix/u_div/int_digits_reg[10][0][0]             | btnC_IBUF                                              |                2 |              8 |
|  basys_clock_IBUF_BUFG  | u_stream/ls_idx[3]_i_1_n_0                             | btnC_IBUF                                              |                3 |              8 |
|  basys_clock_IBUF_BUFG  | u_seq_radix/u_div/int_digits_reg[11][0][0]             | btnC_IBUF                                              |                2 |              8 |
|  basys_clock_IBUF_BUFG  | u_seq_radix/u_div/frac_digits_reg[7][3][0]             | btnC_IBUF                                              |                1 |              8 |
|  basys_clock_IBUF_BUFG  | u_seq_radix/u_div/int_digits_reg[1][0][0]              | btnC_IBUF                                              |                2 |              8 |
|  basys_clock_IBUF_BUFG  | u_keypad/last_padA_x                                   | btnC_IBUF                                              |                2 |              8 |
|  basys_clock_IBUF_BUFG  | u_stream/tmp[8][3]_i_1_n_0                             |                                                        |                1 |              8 |
|  basys_clock_IBUF_BUFG  | u_stream/zero_cnt[3]_i_1_n_0                           | btnC_IBUF                                              |                3 |              8 |
|  basys_clock_IBUF_BUFG  | u_stream/tmp[5][3]_i_1_n_0                             |                                                        |                1 |              8 |
|  basys_clock_IBUF_BUFG  | u_stream/tmp[6][3]_i_1_n_0                             |                                                        |                1 |              8 |
|  basys_clock_IBUF_BUFG  | u_stream/tmp[3][3]_i_1_n_0                             |                                                        |                2 |              8 |
|  basys_clock_IBUF_BUFG  |                                                        | u_mouse/Inst_Ps2Interface/clk_inter0                   |                1 |              8 |
|  basys_clock_IBUF_BUFG  |                                                        | u_mouse/Inst_Ps2Interface/data_inter0                  |                1 |              8 |
|  basys_clock_IBUF_BUFG  | u_stream/tmp[4][3]_i_1_n_0                             |                                                        |                2 |              8 |
|  basys_clock_IBUF_BUFG  | u_stream/tmp[1][3]_i_1_n_0                             |                                                        |                1 |              8 |
|  basys_clock_IBUF_BUFG  | u_seq_radix/u_div/frac_digits_reg[6][0][0]             | btnC_IBUF                                              |                1 |              8 |
|  basys_clock_IBUF_BUFG  | u_stream/tmp[7][3]_i_1_n_0                             |                                                        |                2 |              8 |
|  basys_clock_IBUF_BUFG  | u_stream/tmp[9][3]_i_1_n_0                             |                                                        |                1 |              8 |
|  basys_clock_IBUF_BUFG  | u_stream/tmp[2][3]_i_1_n_0                             |                                                        |                1 |              8 |
|  basys_clock_IBUF_BUFG  | u_stream/out_idx                                       | btnC_IBUF                                              |                1 |              8 |
|  basys_clock_IBUF_BUFG  | u_seq_radix/u_div/int_digits_reg[7][0][0]              | btnC_IBUF                                              |                2 |              8 |
|  basys_clock_IBUF_BUFG  | u_stream/tmp[11][3]_i_1_n_0                            |                                                        |                1 |              8 |
|  basys_clock_IBUF_BUFG  | u_seq_radix/u_div/frac_digits_reg[1][0][0]             | btnC_IBUF                                              |                1 |              8 |
|  basys_clock_IBUF_BUFG  | u_seq_radix/u_div/frac_digits_reg[4][0][0]             | btnC_IBUF                                              |                1 |              8 |
|  basys_clock_IBUF_BUFG  | u_stream/tmp[10][3]_i_1_n_0                            |                                                        |                1 |              8 |
|  basys_clock_IBUF_BUFG  | u_stream/tmp[0][3]_i_1_n_0                             |                                                        |                2 |              8 |
|  basys_clock_IBUF_BUFG  | setmax_y                                               | btnC_IBUF                                              |                1 |              8 |
|  basys_clock_IBUF_BUFG  | u_mouse/Inst_Ps2Interface/shift_frame                  | u_mouse/Inst_Ps2Interface/reset_bit_count              |                2 |              8 |
|  basys_clock_IBUF_BUFG  | u_keypad/term_scale_reg[3][0]                          | btnC_IBUF                                              |                1 |              8 |
|  basys_clock_IBUF_BUFG  | u_stream/pre_cnt[3]_i_1_n_0                            | btnC_IBUF                                              |                3 |              8 |
|  basys_clock_IBUF_BUFG  | u_seq_radix/int_use                                    |                                                        |                1 |              8 |
|  basys_clock_IBUF_BUFG  | u_trig_simple/u_cordic/FSM_sequential_st[1]_i_1_n_0    | btnC_IBUF                                              |                2 |              8 |
|  basys_clock_IBUF_BUFG  | setmax_x                                               | btnC_IBUF                                              |                3 |              8 |
|  basys_clock_IBUF_BUFG  | u_stream/post_cnt[3]_i_1_n_0                           | btnC_IBUF                                              |                2 |              8 |
|  basys_clock_IBUF_BUFG  | u_seq_radix/u_div/int_digits_reg[9][0][0]              | btnC_IBUF                                              |                3 |              8 |
|  basys_clock_IBUF_BUFG  | u_stream/ms_idx[3]_i_1_n_0                             | btnC_IBUF                                              |                2 |              8 |
|  basys_clock_IBUF_BUFG  | u_stream/cnt[3]_i_1__0_n_0                             | btnC_IBUF                                              |                2 |              8 |
|  basys_clock_IBUF_BUFG  | u_seq_radix/u_div/frac_digits_reg[2][0][0]             | btnC_IBUF                                              |                2 |              8 |
|  basys_clock_IBUF_BUFG  | u_seq_radix/u_div/int_digits_reg[5][0][0]              | btnC_IBUF                                              |                3 |              8 |
|  basys_clock_IBUF_BUFG  | u_seq_radix/u_div/int_digits_reg[4][0][0]              | btnC_IBUF                                              |                3 |              8 |
|  basys_clock_IBUF_BUFG  | u_seq_radix/u_div/frac_digits_reg[3][0][0]             | btnC_IBUF                                              |                1 |              8 |
|  basys_clock_IBUF_BUFG  | u_seq_radix/u_div/int_digits_reg[3][0][0]              | btnC_IBUF                                              |                3 |              8 |
|  basys_clock_IBUF_BUFG  | u_seq_radix/u_div/int_digits_reg[2][0][0]              | btnC_IBUF                                              |                2 |              8 |
|  basys_clock_IBUF_BUFG  | u_seq_radix/u_div/frac_digits_reg[5][0][0]             | btnC_IBUF                                              |                1 |              8 |
|  basys_clock_IBUF_BUFG  | u_seq_radix/u_div/frac_digits_reg[0][3][0]             | btnC_IBUF                                              |                1 |              8 |
|  basys_clock_IBUF_BUFG  | u_seq_radix/u_div/int_digits_reg[6][0][0]              | btnC_IBUF                                              |                3 |              8 |
|  basys_clock_IBUF_BUFG  | u_seq_radix/u_div/int_digits_reg[8][0][0]              | btnC_IBUF                                              |                2 |              8 |
|  basys_clock_IBUF_BUFG  | u_seq_radix/u_div/int_digits_reg[0][0][0]              | btnC_IBUF                                              |                2 |              8 |
|  div1k/Y_SCALE_reg[4]   | u_scale/X_SCALE[4]_i_1_n_0                             | u_scale/rst07_out                                      |                3 |             10 |
|  basys_clock_IBUF_BUFG  | u_keypad/E[0]                                          | btnC_IBUF                                              |                2 |             10 |
|  basys_clock_IBUF_BUFG  | u_stream/scale_l[3]_i_1_n_0                            | btnC_IBUF                                              |                2 |             10 |
|  basys_clock_IBUF_BUFG  | u_keypad/transition_counter[4]_i_1_n_0                 | btnC_IBUF                                              |                1 |             10 |
|  basys_clock_IBUF_BUFG  | u_keypad/held_sym_code_reg[0][0]                       | btnC_IBUF                                              |                4 |             10 |
|  basys_clock_IBUF_BUFG  | u_muldiv/term_frac_cnt[3]_i_1_n_0                      | btnC_IBUF                                              |                3 |             10 |
|  basys_clock_IBUF_BUFG  | u_trig_simple/u_cordic/i[4]_i_1_n_0                    | btnC_IBUF                                              |                2 |             10 |
|  basys_clock_IBUF_BUFG  | u_keypad/spark_cnt[5]_i_1_n_0                          | btnC_IBUF                                              |                2 |             12 |
|  basys_clock_IBUF_BUFG  | u_keypad/len0                                          | u_gbuf/rst04_out                                       |                4 |             12 |
|  basys_clock_IBUF_BUFG  | u_keypad/blue_hl_cnt[5]_i_1_n_0                        | btnC_IBUF                                              |                2 |             12 |
|  basys_clock_IBUF_BUFG  | u_mouse/Inst_Ps2Interface/right_down_reg               | btnC_IBUF                                              |                2 |             12 |
|  basys_clock_IBUF_BUFG  | u_seq_radix/u_div/frac_collected_reg[0][0]             | btnC_IBUF                                              |                4 |             12 |
|  basys_clock_IBUF_BUFG  | u_seq_radix/u_div/E[0]                                 | btnC_IBUF                                              |                4 |             12 |
|  basys_clock_IBUF_BUFG  | u_buf/len[5]_i_1__0_n_0                                | u_buf/rst0                                             |                4 |             12 |
|  basys_clock_IBUF_BUFG  | u_seq_radix/u_div/div_divisor_reg[0][0]                | u_seq_radix/div_dividend[37]_i_1_n_0                   |                3 |             12 |
|  basys_clock_IBUF_BUFG  | u_mouse/Inst_Ps2Interface/delay_63clk_count[6]_i_2_n_0 | u_mouse/Inst_Ps2Interface/delay_63clk_count[6]_i_1_n_0 |                2 |             14 |
|  basys_clock_IBUF_BUFG  | u_mouse/Inst_Ps2Interface/err_reg_0                    |                                                        |                4 |             14 |
|  basys_clock_IBUF_BUFG  | u_strip/caret_vis                                      | btnC_IBUF                                              |                3 |             16 |
|  basys_clock_IBUF_BUFG  | u_mouse/Inst_Ps2Interface/load_rx_data                 |                                                        |                2 |             16 |
|  basys_clock_IBUF_BUFG  | u_mouse/Inst_Ps2Interface/E[0]                         | btnC_IBUF                                              |                2 |             16 |
|  basys_clock_IBUF_BUFG  | u_mouse/Inst_Ps2Interface/y_inc_reg[0][0]              | btnC_IBUF                                              |                5 |             16 |
|  basys_clock_IBUF_BUFG  | u_mouse/tx_data[7]_i_1_n_0                             |                                                        |                3 |             16 |
|  basys_clock_IBUF_BUFG  | u_strip/view_first_v                                   | btnC_IBUF                                              |                4 |             16 |
|  basys_clock_IBUF_BUFG  | u_stream/digits_total                                  | btnC_IBUF                                              |                4 |             18 |
|  div1k/Y_SCALE_reg[4]   | u_scale/Y_SCALE[4]_i_1_n_0                             | u_scale/rst07_out                                      |                6 |             20 |
|  basys_clock_IBUF_BUFG  | u_keypad/angle_value_reg[9][0]                         | btnC_IBUF                                              |                4 |             20 |
|  basys_clock_IBUF_BUFG  | oled_output/E[0]                                       | btnC_IBUF                                              |                2 |             20 |
|  basys_clock_IBUF_BUFG  | u_mouse/Inst_Ps2Interface/frame[9]_i_1_n_0             |                                                        |                2 |             20 |
|  basys_clock_IBUF_BUFG  | u_mouse/Inst_Ps2Interface/delay_20us_count[10]_i_2_n_0 | u_mouse/Inst_Ps2Interface/delay_20us_count[10]_i_1_n_0 |                3 |             22 |
|  basys_clock_IBUF_BUFG  | u_mouse/y_new_reg_n_0                                  |                                                        |                4 |             24 |
|  basys_clock_IBUF_BUFG  | u_mouse/x_new_reg_n_0                                  |                                                        |                5 |             24 |
|  basys_clock_IBUF_BUFG  | u_mouse/Inst_Ps2Interface/delay_100us_count[0]_i_2_n_0 | u_mouse/Inst_Ps2Interface/clear                        |                4 |             28 |
|  basys_clock_IBUF_BUFG  | u_keypad/click                                         | btnC_IBUF                                              |               10 |             36 |
| ~clk_6p25Mhz_BUFG       | oled_output/delay[0]_i_1__0_n_0                        | btnC_IBUF                                              |                5 |             40 |
| ~clk_6p25Mhz_BUFG       | oled_input/delay[0]_i_1_n_0                            | btnC_IBUF                                              |                5 |             40 |
|  u_seven_seg/u_1khz/CLK |                                                        | btnC_IBUF                                              |                4 |             44 |
|  basys_clock_IBUF_BUFG  | u_keypad/click_cooldown[0]_i_1_n_0                     | btnC_IBUF                                              |                6 |             46 |
|  basys_clock_IBUF_BUFG  | u_seq_radix/u_div/busy_r0                              | btnC_IBUF                                              |                9 |             46 |
|  basys_clock_IBUF_BUFG  | u_seq_radix/mode_l                                     | btnC_IBUF                                              |                4 |             46 |
|  basys_clock_IBUF_BUFG  |                                                        | u_mouse/reset_timeout_cnt_reg_n_0                      |                6 |             48 |
|  basys_clock_IBUF_BUFG  |                                                        | u_mouse/reset_periodic_check_cnt__0                    |                7 |             52 |
|  basys_clock_IBUF_BUFG  | u_muldiv/d_dividend                                    | u_muldiv/d_divisor[30]_i_1_n_0                         |               21 |             62 |
|  basys_clock_IBUF_BUFG  |                                                        | divSlow/clear                                          |                8 |             64 |
|  basys_clock_IBUF_BUFG  |                                                        | div6p25/clear                                          |                8 |             64 |
|  basys_clock_IBUF_BUFG  |                                                        | div1k/COUNT[0]_i_1__0_n_0                              |                8 |             64 |
|  basys_clock_IBUF_BUFG  |                                                        | u_seven_seg/u_1khz/clear                               |                8 |             64 |
| ~clk_6p25Mhz_BUFG       | oled_output/state                                      | btnC_IBUF                                              |               10 |             64 |
| ~clk_6p25Mhz_BUFG       | oled_input/FSM_onehot_state[31]_i_1__0_n_0             | btnC_IBUF                                              |               10 |             64 |
|  basys_clock_IBUF_BUFG  | u_muldiv/udiv/busy_r0                                  | btnC_IBUF                                              |               17 |             64 |
|  basys_clock_IBUF_BUFG  | u_seq_radix/u_div/rem32_reg[0][0]                      | btnC_IBUF                                              |               12 |             64 |
|  basys_clock_IBUF_BUFG  | u_seq_radix/u_div/working_int_reg[0][0]                |                                                        |               10 |             64 |
|  basys_clock_IBUF_BUFG  | u_stream/n[31]_i_1_n_0                                 | btnC_IBUF                                              |               16 |             64 |
|  basys_clock_IBUF_BUFG  | u_buf/E[0]                                             | btnC_IBUF                                              |               17 |             64 |
|  basys_clock_IBUF_BUFG  | u_buf/term_int_reg[31][0]                              | btnC_IBUF                                              |               16 |             64 |
|  basys_clock_IBUF_BUFG  | u_trig_simple/tan_div/busy_r0                          | btnC_IBUF                                              |               12 |             64 |
|  basys_clock_IBUF_BUFG  | u_keypad/coeff_b_reg[31]_rep[0]                        | btnC_IBUF                                              |               15 |             66 |
|  basys_clock_IBUF_BUFG  | u_keypad/coeff_c_reg[31]_rep[0]                        | btnC_IBUF                                              |               15 |             66 |
|  basys_clock_IBUF_BUFG  | u_muldiv/res_mag[31]_i_1_n_0                           | btnC_IBUF                                              |                9 |             66 |
|  basys_clock_IBUF_BUFG  | u_trig_simple/u_cordic/E[0]                            | btnC_IBUF                                              |               17 |             66 |
| ~clk_6p25Mhz_BUFG       |                                                        | btnC_IBUF                                              |                8 |             68 |
|  basys_clock_IBUF_BUFG  | u_keypad/coeff_d_reg[31]_rep__0[0]                     | btnC_IBUF                                              |               16 |             68 |
|  basys_clock_IBUF_BUFG  | u_muldiv/E[0]                                          | btnC_IBUF                                              |               12 |             68 |
|  basys_clock_IBUF_BUFG  | u_keypad/res_scale_reg[0][0]                           | btnC_IBUF                                              |               20 |             74 |
|  basys_clock_IBUF_BUFG  | u_trig_simple/E[0]                                     | btnC_IBUF                                              |               15 |             74 |
|  basys_clock_IBUF_BUFG  | u_addsub/acc                                           | btnC_IBUF                                              |               18 |             76 |
|  basys_clock_IBUF_BUFG  |                                                        |                                                        |               22 |             84 |
| ~clk_6p25Mhz_BUFG       |                                                        | oled_output/spi_word[39]_i_1__0_n_0                    |               17 |             90 |
| ~clk_6p25Mhz_BUFG       |                                                        | oled_input/spi_word[39]_i_1_n_0                        |               22 |             90 |
|  basys_clock_IBUF_BUFG  | u_seq_radix/u_div/div_divisor_reg[0][0]                |                                                        |               12 |            110 |
|  basys_clock_IBUF_BUFG  | u_muldiv/acc[63]_i_1_n_0                               | btnC_IBUF                                              |               27 |            128 |
|  basys_clock_IBUF_BUFG  | u_trig_simple/u_cordic/done_i_1_n_0                    | btnC_IBUF                                              |               34 |            128 |
|  basys_clock_IBUF_BUFG  | u_seq_radix/bus[59]_i_1_n_0                            | btnC_IBUF                                              |               58 |            130 |
|  basys_clock_IBUF_BUFG  | u_muldiv/d_dividend                                    |                                                        |               31 |            130 |
|  basys_clock_IBUF_BUFG  | u_trig_simple/u_cordic/z[15]_i_1_n_0                   | btnC_IBUF                                              |               35 |            160 |
|  basys_clock_IBUF_BUFG  | u_keypad/emit_after10_out                              | btnC_IBUF                                              |               81 |            266 |
|  basys_clock_IBUF_BUFG  | u_seq_radix/u_div/divd_reg[63]_i_1_n_0                 | btnC_IBUF                                              |               24 |            270 |
|  basys_clock_IBUF_BUFG  | u_trig_simple/tan_div/divd_reg[63]_i_1__1_n_0          | btnC_IBUF                                              |               37 |            270 |
|  basys_clock_IBUF_BUFG  |                                                        | u_gbuf/rst04_out                                       |               89 |            300 |
|  basys_clock_IBUF_BUFG  |                                                        | u_buf/rst0                                             |               92 |            320 |
|  basys_clock_IBUF_BUFG  | u_muldiv/udiv/divd_reg[63]_i_1__0_n_0                  | btnC_IBUF                                              |               34 |            334 |
|  basys_clock_IBUF_BUFG  | u_keypad/coeff_a_reg[31]_rep__0[0]                     | btnC_IBUF                                              |               91 |            502 |
|  basys_clock_IBUF_BUFG  |                                                        | btnC_IBUF                                              |              215 |           1020 |
+-------------------------+--------------------------------------------------------+--------------------------------------------------------+------------------+----------------+


